2026-04-12 08:30:00 [INFO] Job job-20260412-001 started
2026-04-12 08:30:01 [INFO] Loading test suite: virt_testsuite v2.3.1
2026-04-12 08:30:02 [INFO] Found 156 test cases
2026-04-12 08:35:00 [INFO] Starting test: virt_testsuite.guest_test.parallel_migration
2026-04-12 08:39:05 [PASS] virt_testsuite.guest_test.parallel_migration - Duration: 245.3s
2026-04-12 08:40:00 [INFO] Starting test: virt_testsuite.guest_test.memory_hotplug
2026-04-12 08:43:00 [FAIL] virt_testsuite.guest_test.memory_hotplug - libvirt error: Failed to attach memory device
2026-04-12 08:45:00 [INFO] Starting test: virt_testsuite.guest_test.nested_kvm
2026-04-12 08:55:00 [FAIL] virt_testsuite.guest_test.nested_kvm - Test timeout after 600 seconds
2026-04-12 09:00:00 [INFO] Starting test: virt_testsuite.storage_test.qcow2_snapshot
2026-04-12 09:00:45 [FAIL] virt_testsuite.storage_test.qcow2_snapshot - qemu-img error
2026-04-12 09:05:00 [INFO] Starting test: virt_testsuite.network_test.bridge_mtu
2026-04-12 09:05:12 [FAIL] virt_testsuite.network_test.bridge_mtu - OOM killer invoked
2026-04-12 09:10:00 [INFO] Starting test: virt_testsuite.guest_test.virsh_console
2026-04-12 09:10:30 [FAIL] virt_testsuite.guest_test.virsh_console - kernel panic
2026-04-12 09:15:00 [INFO] Starting test: virt_testsuite.guest_test.live_migration
2026-04-12 09:16:50 [FAIL] virt_testsuite.guest_test.live_migration - environment issue
2026-04-12 09:20:00 [INFO] Starting test: virt_testsuite.storage_test.iscsi_pool
2026-04-12 09:20:08 [FAIL] virt_testsuite.storage_test.iscsi_pool - case script error
2026-04-12 09:25:00 [INFO] Job completed - 142 passed, 8 failed, 6 skipped
